# Logfile created on 2018-11-12 15:08:49 +0530 by logger.rb/61378
I, [2018-11-12T15:08:49.980383 #32749]  INFO -- : Search : fdgtdfgydf!!!!!!!!!!
I, [2018-11-12T15:09:17.269847 #32749]  INFO -- : Search : bbbbbbbbbbbbbbbb!!!!!!!!!!
I, [2018-11-12T15:16:30.128458 #32749]  INFO -- : Search : bbbbbbbbbbbbbbbb!!!!!!!!!!
I, [2018-11-12T16:27:38.464347 #32749]  INFO -- : Search : mebin!!!!!!!!!!
I, [2018-11-12T16:27:40.773485 #32749]  INFO -- : Search : mebin!!!!!!!!!!
I, [2018-11-12T16:27:41.888640 #32749]  INFO -- : Search : mebin!!!!!!!!!!
I, [2018-11-12T16:27:42.120084 #32749]  INFO -- : Search : mebin!!!!!!!!!!
I, [2018-11-12T16:27:42.311626 #32749]  INFO -- : Search : mebin!!!!!!!!!!
I, [2018-11-12T16:27:50.396953 #32749]  INFO -- : Search : ghjfk!!!!!!!!!!
I, [2018-11-12T16:34:01.686488 #8707]  INFO -- : Search : vfbgs!!!!!!!!!!
I, [2018-11-12T16:34:08.761127 #8707]  INFO -- : Search : mebin!!!!!!!!!!
I, [2018-11-13T10:35:29.546229 #10517]  INFO -- : Search : except_current_user(@users)!!!!!!!!!!
I, [2018-11-13T10:35:38.838821 #10517]  INFO -- : Search : @!!!!!!!!!!
I, [2018-11-13T10:35:39.586874 #10517]  INFO -- : Search : @!!!!!!!!!!
I, [2018-11-13T10:35:39.791413 #10517]  INFO -- : Search : @!!!!!!!!!!
I, [2018-11-13T10:35:47.581796 #10517]  INFO -- : Search : vf!!!!!!!!!!
I, [2018-11-13T10:35:53.177719 #10517]  INFO -- : Search : hbujujgv!!!!!!!!!!
I, [2018-11-13T10:35:54.081109 #10517]  INFO -- : Search : hbujujgv!!!!!!!!!!
I, [2018-11-13T10:35:54.360747 #10517]  INFO -- : Search : hbujujgv!!!!!!!!!!
I, [2018-11-13T10:35:54.708385 #10517]  INFO -- : Search : hbujujgv!!!!!!!!!!
I, [2018-11-13T10:35:55.064859 #10517]  INFO -- : Search : hbujujgv!!!!!!!!!!
I, [2018-11-13T10:35:55.271602 #10517]  INFO -- : Search : hbujujgv!!!!!!!!!!
